[2025-09-17T22:12:31.847Z] login {"username":"admin"}
[2025-09-17T22:13:45.877Z] upload-project {"id":"0a9a2113-b697-4e8c-bd93-49964426d56d","slug":"cyberpunk","title":"CYBERPUNK","uploadedBy":"admin"}
[2025-09-17T22:14:43.154Z] change-password {"username":"admin"}
[2025-09-17T22:14:47.577Z] logout {}
[2025-09-17T22:14:58.639Z] login {"username":"admin"}
[2025-09-17T22:37:36.089Z] subscribe {"email":"ioqrvv@hotlinkimg.com"}
[2025-09-17T22:38:49.470Z] logout {}
[2025-09-17T22:38:53.168Z] login {"username":"admin"}
[2025-09-17T22:41:51.419Z] login {"username":"admin"}
[2025-09-17T22:58:10.206Z] update-socials {"by":"admin","data":{"github":"https://github.com/yourhandle","telegram":"","facebook":"https://www.facebook.com/profile.php?id=61579419518425","instagram":""}}
[2025-09-17T23:30:50.853Z] upload-project {"id":"da26f1fd-b844-46c7-9d2c-e41caed9f45c","slug":"cyberpunk-1","title":"CYBERPUNK","uploadedBy":"admin"}
[2025-09-17T23:53:00.661Z] delete-project {"id":"0a9a2113-b697-4e8c-bd93-49964426d56d","slug":"cyberpunk","by":"admin"}
[2025-09-17T23:53:05.361Z] delete-project {"id":"da26f1fd-b844-46c7-9d2c-e41caed9f45c","slug":"cyberpunk-1","by":"admin"}
[2025-09-17T23:53:37.159Z] upload-project {"id":"57df885e-440e-4199-bf84-e87aded3a6a1","slug":"terminal","title":"Terminal","uploadedBy":"admin"}
[2025-09-17T23:59:55.078Z] upload-project {"id":"5e069800-e528-422d-bfd8-72e3f17f2b36","slug":"ter","title":"Ter","uploadedBy":"admin"}
[2025-09-18T00:05:46.056Z] delete-project {"id":"5e069800-e528-422d-bfd8-72e3f17f2b36","slug":"ter","by":"admin"}
[2025-09-18T00:06:07.739Z] upload-project {"id":"b9b809a9-abcc-4eff-b9d0-63fd19bf2b50","slug":"terrr","title":"Terrr","uploadedBy":"admin"}
[2025-09-18T00:17:52.093Z] upload-project {"id":"e6ecc382-5aba-423d-b9be-1d862126e6db","slug":"imrf","title":"IMRF","uploadedBy":"admin"}
[2025-09-18T00:18:39.808Z] delete-project {"id":"b9b809a9-abcc-4eff-b9d0-63fd19bf2b50","slug":"terrr","by":"admin"}
[2025-09-18T00:18:44.425Z] delete-project {"id":"e6ecc382-5aba-423d-b9be-1d862126e6db","slug":"imrf","by":"admin"}
[2025-09-18T00:19:11.752Z] upload-project {"id":"2667ba62-1a1c-4ff9-8d96-6d0dc8b95a7a","slug":"tiru","title":"tiRU","uploadedBy":"admin"}
[2025-09-18T00:39:10.370Z] delete-project {"id":"2667ba62-1a1c-4ff9-8d96-6d0dc8b95a7a","slug":"tiru","by":"admin"}
[2025-09-18T00:39:41.717Z] upload-project {"id":"70414815-09ea-42b6-bd97-7cbc1da022fd","slug":"tiri","title":"TiRI","uploadedBy":"admin"}
[2025-09-18T00:44:58.336Z] delete-project {"id":"57df885e-440e-4199-bf84-e87aded3a6a1","slug":"terminal","by":"admin"}
